<?xml version="1.0" encoding="UTF-8"?>
<!-- Generated by org.testng.reporters.JUnitReportReporter -->
<testsuite hostname="PISIT-PHFVH4.local" failures="0" tests="15" name="com.test.oic.OICvalidatePolicyType" time="5.980"
           errors="0" timestamp="03 Jun 2019 14:01:46 GMT" skipped="0">
    <testcase classname="com.test.oic.OICvalidatePolicyType" name="validateValidPolicyType" time="0.258"/>
    <testcase classname="com.test.oic.OICvalidatePolicyType" name="validateValidPolicyType" time="0.258"/>
    <testcase classname="com.test.oic.OICvalidatePolicyType" name="validateValidPolicyType" time="2.089"/>
    <testcase classname="com.test.oic.OICvalidatePolicyType" name="validateInvalidPolicyType" time="0.281"/>
    <testcase classname="com.test.oic.OICvalidatePolicyType" name="validateInvalidPolicyType" time="0.269"/>
    <testcase classname="com.test.oic.OICvalidatePolicyType" name="validateValidPolicyType" time="0.229"/>
    <testcase classname="com.test.oic.OICvalidatePolicyType" name="validateValidPolicyType" time="0.232"/>
    <testcase classname="com.test.oic.OICvalidatePolicyType" name="validateValidPolicyType" time="0.244"/>
    <testcase classname="com.test.oic.OICvalidatePolicyType" name="validateValidPolicyType" time="0.240"/>
    <testcase classname="com.test.oic.OICvalidatePolicyType" name="validateValidPolicyType" time="0.237"/>
    <testcase classname="com.test.oic.OICvalidatePolicyType" name="validateValidPolicyType" time="0.219"/>
    <testcase classname="com.test.oic.OICvalidatePolicyType" name="validateValidPolicyType" time="0.241"/>
    <testcase classname="com.test.oic.OICvalidatePolicyType" name="validateInvalidPolicyType" time="0.284"/>
    <testcase classname="com.test.oic.OICvalidatePolicyType" name="validateInvalidPolicyType" time="0.635"/>
    <testcase classname="com.test.oic.OICvalidatePolicyType" name="validateInvalidPolicyType" time="0.264"/>
</testsuite> <!-- com.test.oic.OICvalidatePolicyType -->
