<?xml version="1.0" encoding="UTF-8"?>
<!-- Generated by org.testng.reporters.JUnitReportReporter -->
<testsuite hostname="PISIT-PHFVH4" failures="0" tests="15" name="com.test.oic.OICvalidatePolicyType" time="22.289" errors="0" timestamp="03 Jun 2019 04:17:39 GMT" skipped="0">
  <testcase classname="com.test.oic.OICvalidatePolicyType" name="validateValidPolicyType" time="1.849"/>
  <testcase classname="com.test.oic.OICvalidatePolicyType" name="validateValidPolicyType" time="0.690"/>
  <testcase classname="com.test.oic.OICvalidatePolicyType" name="validateValidPolicyType" time="0.687"/>
  <testcase classname="com.test.oic.OICvalidatePolicyType" name="validateValidPolicyType" time="3.366"/>
  <testcase classname="com.test.oic.OICvalidatePolicyType" name="validateValidPolicyType" time="3.517"/>
  <testcase classname="com.test.oic.OICvalidatePolicyType" name="validateValidPolicyType" time="0.873"/>
  <testcase classname="com.test.oic.OICvalidatePolicyType" name="validateInvalidPolicyType" time="1.001"/>
  <testcase classname="com.test.oic.OICvalidatePolicyType" name="validateInvalidPolicyType" time="0.544"/>
  <testcase classname="com.test.oic.OICvalidatePolicyType" name="validateInvalidPolicyType" time="1.204"/>
  <testcase classname="com.test.oic.OICvalidatePolicyType" name="validateValidPolicyType" time="0.454"/>
  <testcase classname="com.test.oic.OICvalidatePolicyType" name="validateValidPolicyType" time="0.622"/>
  <testcase classname="com.test.oic.OICvalidatePolicyType" name="validateValidPolicyType" time="1.295"/>
  <testcase classname="com.test.oic.OICvalidatePolicyType" name="validateInvalidPolicyType" time="4.180"/>
  <testcase classname="com.test.oic.OICvalidatePolicyType" name="validateValidPolicyType" time="1.214"/>
  <testcase classname="com.test.oic.OICvalidatePolicyType" name="validateInvalidPolicyType" time="0.793"/>
</testsuite> <!-- com.test.oic.OICvalidatePolicyType -->
